# JRE version: Java(TM) SE Runtime Environment 18.9 (11.0.15+8) (build 11.0.15+8-LTS-149)
# Java VM: Java HotSpot(TM) 64-Bit Server VM 18.9 (11.0.15+8-LTS-149, mixed mode, tiered, compressed oops, g1 gc, windows-amd64)
Heap:
 garbage-first heap   total 131072K, used 5242K [0x0000000080000000, 0x0000000100000000)
  region size 1024K, 5 young (5120K), 3 survivors (3072K)
 Metaspace       used 15010K, capacity 15200K, committed 15360K, reserved 1064960K
  class space    used 1579K, capacity 1681K, committed 1792K, reserved 1048576K
GC Heap History (8 events):
Event: 0.558 GC heap before
{Heap before GC invocations=0 (full 0):
 garbage-first heap   total 131072K, used 7167K [0x0000000080000000, 0x0000000100000000)
  region size 1024K, 7 young (7168K), 0 survivors (0K)
 Metaspace       used 7826K, capacity 7965K, committed 8192K, reserved 1056768K
  class space    used 686K, capacity 740K, committed 768K, reserved 1048576K
}
Event: 0.569 GC heap after
{Heap after GC invocations=1 (full 0):
 garbage-first heap   total 131072K, used 2113K [0x0000000080000000, 0x0000000100000000)
  region size 1024K, 1 young (1024K), 1 survivors (1024K)
 Metaspace       used 7826K, capacity 7965K, committed 8192K, reserved 1056768K
  class space    used 686K, capacity 740K, committed 768K, reserved 1048576K
}
Event: 0.900 GC heap before
{Heap before GC invocations=1 (full 0):
 garbage-first heap   total 131072K, used 7233K [0x0000000080000000, 0x0000000100000000)
  region size 1024K, 6 young (6144K), 1 survivors (1024K)
 Metaspace       used 10240K, capacity 10440K, committed 10624K, reserved 1058816K
  class space    used 960K, capacity 1056K, committed 1152K, reserved 1048576K
}
Event: 0.909 GC heap after
{Heap after GC invocations=2 (full 0):
 garbage-first heap   total 131072K, used 3014K [0x0000000080000000, 0x0000000100000000)
  region size 1024K, 1 young (1024K), 1 survivors (1024K)
 Metaspace       used 10240K, capacity 10440K, committed 10624K, reserved 1058816K
  class space    used 960K, capacity 1056K, committed 1152K, reserved 1048576K
}
Event: 1.359 GC heap before
{Heap before GC invocations=2 (full 0):
 garbage-first heap   total 131072K, used 16326K [0x0000000080000000, 0x0000000100000000)
  region size 1024K, 14 young (14336K), 1 survivors (1024K)
 Metaspace       used 12374K, capacity 12532K, committed 12672K, reserved 1062912K
  class space    used 1255K, capacity 1348K, committed 1408K, reserved 1048576K
}
Event: 1.364 GC heap after
{Heap after GC invocations=3 (full 0):
 garbage-first heap   total 131072K, used 3528K [0x0000000080000000, 0x0000000100000000)
  region size 1024K, 2 young (2048K), 2 survivors (2048K)
 Metaspace       used 12374K, capacity 12532K, committed 12672K, reserved 1062912K
  class space    used 1255K, capacity 1348K, committed 1408K, reserved 1048576K
}
Event: 2.011 GC heap before
{Heap before GC invocations=3 (full 0):
 garbage-first heap   total 131072K, used 21960K [0x0000000080000000, 0x0000000100000000)
  region size 1024K, 20 young (20480K), 2 survivors (2048K)
 Metaspace       used 14736K, capacity 14939K, committed 15232K, reserved 1064960K
  class space    used 1538K, capacity 1617K, committed 1664K, reserved 1048576K
}
Event: 2.018 GC heap after
{Heap after GC invocations=4 (full 0):
 garbage-first heap   total 131072K, used 4218K [0x0000000080000000, 0x0000000100000000)
  region size 1024K, 3 young (3072K), 3 survivors (3072K)
 Metaspace       used 14736K, capacity 14939K, committed 15232K, reserved 1064960K
  class space    used 1538K, capacity 1617K, committed 1664K, reserved 1048576K
}

